<?xml version="1.0" encoding="UTF-8"?>
<testsuite xmlns:xsi="http://www.w3.org/2001/XMLSchema-instance" xsi:noNamespaceSchemaLocation="https://maven.apache.org/surefire/maven-surefire-plugin/xsd/surefire-test-report-3.0.xsd" version="3.0" name="zest.IntervalMergerTest" time="0.079" tests="10" errors="0" skipped="0" failures="0">
  <properties>
    <property name="java.specification.version" value="23"/>
    <property name="sun.cpu.isalist" value="amd64"/>
    <property name="sun.jnu.encoding" value="Cp1252"/>
    <property name="java.class.path" value="C:\Users\toren\Downloads\assignment01\assignment01\IntervalMerger\target\test-classes;C:\Users\toren\Downloads\assignment01\assignment01\IntervalMerger\target\classes;C:\Users\toren\.m2\repository\junit\junit\4.13.2\junit-4.13.2.jar;C:\Users\toren\.m2\repository\org\hamcrest\hamcrest-core\1.3\hamcrest-core-1.3.jar;"/>
    <property name="java.vm.vendor" value="Oracle Corporation"/>
    <property name="sun.arch.data.model" value="64"/>
    <property name="user.variant" value=""/>
    <property name="java.vendor.url" value="https://java.oracle.com/"/>
    <property name="user.timezone" value="Europe/Zurich"/>
    <property name="user.country.format" value="CH"/>
    <property name="os.name" value="Windows 11"/>
    <property name="java.vm.specification.version" value="23"/>
    <property name="sun.java.launcher" value="SUN_STANDARD"/>
    <property name="user.country" value="GB"/>
    <property name="sun.boot.library.path" value="C:\Program Files\Java\jdk-23\bin"/>
    <property name="sun.java.command" value="C:\Users\toren\AppData\Local\Temp\surefire917359717129273326\surefirebooter-20250331140446670_3.jar C:\Users\toren\AppData\Local\Temp\surefire917359717129273326 2025-03-31T14-04-46_498-jvmRun1 surefire-20250331140446670_1tmp surefire_0-20250331140446670_2tmp"/>
    <property name="jdk.debug" value="release"/>
    <property name="surefire.test.class.path" value="C:\Users\toren\Downloads\assignment01\assignment01\IntervalMerger\target\test-classes;C:\Users\toren\Downloads\assignment01\assignment01\IntervalMerger\target\classes;C:\Users\toren\.m2\repository\junit\junit\4.13.2\junit-4.13.2.jar;C:\Users\toren\.m2\repository\org\hamcrest\hamcrest-core\1.3\hamcrest-core-1.3.jar;"/>
    <property name="sun.cpu.endian" value="little"/>
    <property name="user.home" value="C:\Users\toren"/>
    <property name="user.language" value="en"/>
    <property name="java.specification.vendor" value="Oracle Corporation"/>
    <property name="java.version.date" value="2025-01-21"/>
    <property name="java.home" value="C:\Program Files\Java\jdk-23"/>
    <property name="file.separator" value="\"/>
    <property name="basedir" value="C:\Users\toren\Downloads\assignment01\assignment01\IntervalMerger"/>
    <property name="java.vm.compressedOopsMode" value="Zero based"/>
    <property name="line.separator" value="&#10;"/>
    <property name="java.vm.specification.vendor" value="Oracle Corporation"/>
    <property name="java.specification.name" value="Java Platform API Specification"/>
    <property name="surefire.real.class.path" value="C:\Users\toren\AppData\Local\Temp\surefire917359717129273326\surefirebooter-20250331140446670_3.jar"/>
    <property name="user.script" value=""/>
    <property name="sun.management.compiler" value="HotSpot 64-Bit Tiered Compilers"/>
    <property name="java.runtime.version" value="23.0.2+7-58"/>
    <property name="user.name" value="toren"/>
    <property name="stdout.encoding" value="Cp1252"/>
    <property name="path.separator" value=";"/>
    <property name="os.version" value="10.0"/>
    <property name="java.runtime.name" value="Java(TM) SE Runtime Environment"/>
    <property name="file.encoding" value="UTF-8"/>
    <property name="java.vm.name" value="Java HotSpot(TM) 64-Bit Server VM"/>
    <property name="localRepository" value="C:\Users\toren\.m2\repository"/>
    <property name="java.vendor.url.bug" value="https://bugreport.java.com/bugreport/"/>
    <property name="java.io.tmpdir" value="C:\Users\toren\AppData\Local\Temp\"/>
    <property name="java.version" value="23.0.2"/>
    <property name="user.dir" value="C:\Users\toren\Downloads\assignment01\assignment01\IntervalMerger"/>
    <property name="os.arch" value="amd64"/>
    <property name="java.vm.specification.name" value="Java Virtual Machine Specification"/>
    <property name="sun.os.patch.level" value=""/>
    <property name="native.encoding" value="Cp1252"/>
    <property name="java.library.path" value="C:\Program Files\Java\jdk-23\bin;C:\WINDOWS\Sun\Java\bin;C:\WINDOWS\system32;C:\WINDOWS;C:\Program Files\Common Files\Oracle\Java\javapath;C:\WINDOWS\system32;C:\WINDOWS;C:\WINDOWS\System32\Wbem;C:\WINDOWS\System32\WindowsPowerShell\v1.0\;C:\WINDOWS\System32\OpenSSH\;C:\Program Files\Git\cmd;C:\Users\toren\AppData\Local\Programs\Python\Launcher\;C:\Users\toren\AppData\Local\Microsoft\WindowsApps;C:\Users\toren\Downloads\apache-maven-3.9.9-bin\apache-maven-3.9.9\bin;;."/>
    <property name="java.vm.info" value="mixed mode, sharing"/>
    <property name="stderr.encoding" value="Cp1252"/>
    <property name="java.vendor" value="Oracle Corporation"/>
    <property name="java.vm.version" value="23.0.2+7-58"/>
    <property name="sun.io.unicode.encoding" value="UnicodeLittle"/>
    <property name="java.class.version" value="67.0"/>
  </properties>
  <testcase name="testNegativeOverlap" classname="zest.IntervalMergerTest" time="0.0"/>
  <testcase name="testEmpty" classname="zest.IntervalMergerTest" time="0.0"/>
  <testcase name="testWhole" classname="zest.IntervalMergerTest" time="0.0"/>
  <testcase name="testNo" classname="zest.IntervalMergerTest" time="0.0"/>
  <testcase name="testConsumes" classname="zest.IntervalMergerTest" time="0.0"/>
  <testcase name="testReverseOrder" classname="zest.IntervalMergerTest" time="0.0"/>
  <testcase name="testEdging" classname="zest.IntervalMergerTest" time="0.0"/>
  <testcase name="testMultiple" classname="zest.IntervalMergerTest" time="0.0"/>
  <testcase name="testNegative" classname="zest.IntervalMergerTest" time="0.0"/>
  <testcase name="testSingle" classname="zest.IntervalMergerTest" time="0.0"/>
</testsuite>